<?xml version="1.0" encoding="UTF-8"?>
<testng-results ignored="0" total="1" passed="1" failed="0" skipped="0">
  <reporter-output>
  </reporter-output>
  <suite started-at="2024-01-15T16:02:44 IST" name="Default suite" finished-at="2024-01-15T16:02:49 IST" duration-ms="5338">
    <groups>
    </groups>
    <test started-at="2024-01-15T16:02:44 IST" name="Default test" finished-at="2024-01-15T16:02:49 IST" duration-ms="5338">
      <class name="tests.PlaceOrder">
        <test-method signature="PurchaseProduct()[pri:0, instance:tests.PlaceOrder@2034b64c]" started-at="2024-01-15T16:02:44 IST" name="PurchaseProduct" finished-at="2024-01-15T16:02:49 IST" duration-ms="5299" status="PASS">
          <reporter-output>
          </reporter-output>
        </test-method> <!-- PurchaseProduct -->
      </class> <!-- tests.PlaceOrder -->
    </test> <!-- Default test -->
  </suite> <!-- Default suite -->
</testng-results>
